\BOOKMARK [0][-]{chapter.1}{Engineering Research Problem}{}% 1
\BOOKMARK [1][-]{section.1.1}{Background }{chapter.1}% 2
\BOOKMARK [1][-]{section.1.2}{Applications}{chapter.1}% 3
\BOOKMARK [1][-]{section.1.3}{Project Contextualisation}{chapter.1}% 4
\BOOKMARK [1][-]{section.1.4}{Research Question}{chapter.1}% 5
\BOOKMARK [0][-]{chapter.2}{Methodology}{}% 6
\BOOKMARK [1][-]{section.2.1}{Label Bias and Environmental Datashift}{chapter.2}% 7
\BOOKMARK [1][-]{section.2.2}{Suitable Algorithm Selection}{chapter.2}% 8
\BOOKMARK [1][-]{section.2.3}{Reward Hacking}{chapter.2}% 9
\BOOKMARK [0][-]{chapter.3}{Project Management}{}% 10
\BOOKMARK [1][-]{section.3.1}{Scope}{chapter.3}% 11
\BOOKMARK [1][-]{section.3.2}{Process and Timeline}{chapter.3}% 12
\BOOKMARK [1][-]{section.3.3}{Milestones}{chapter.3}% 13
\BOOKMARK [2][-]{subsection.3.3.1}{Stage One: Report Introduction}{section.3.3}% 14
\BOOKMARK [2][-]{subsection.3.3.2}{Stage Two: Project Overview}{section.3.3}% 15
\BOOKMARK [2][-]{subsection.3.3.3}{Stage Three: Data Labelling \046 Environmental Data shift}{section.3.3}% 16
\BOOKMARK [2][-]{subsection.3.3.4}{Stage Four: Algorithm Suitability}{section.3.3}% 17
\BOOKMARK [2][-]{subsection.3.3.5}{Stage Five: Reinforcement Learning \205 Reward Hacking}{section.3.3}% 18
\BOOKMARK [2][-]{subsection.3.3.6}{Stage Six: Finalising Stage}{section.3.3}% 19
\BOOKMARK [1][-]{section.3.4}{Resources}{chapter.3}% 20
\BOOKMARK [2][-]{subsection.3.4.1}{Academic Supervisor \205 Diep Nguyen}{section.3.4}% 21
\BOOKMARK [2][-]{subsection.3.4.2}{Literature}{section.3.4}% 22
\BOOKMARK [2][-]{subsection.3.4.3}{Technical Tools}{section.3.4}% 23
\BOOKMARK [1][-]{section.3.5}{Uncertainties \046 Risk Control}{chapter.3}% 24
\BOOKMARK [2][-]{subsection.3.5.1}{Non-Technical}{section.3.5}% 25
\BOOKMARK [2][-]{subsection.3.5.2}{Technical}{section.3.5}% 26
\BOOKMARK [1][-]{section.3.6}{Communication Plan}{chapter.3}% 27
\BOOKMARK [0][-]{chapter.4}{Progress Statement}{}% 28
\BOOKMARK [0][-]{chapter.5}{Appendix}{}% 29
\BOOKMARK [1][-]{section.5.1}{Appendix 1: Communication Log}{chapter.5}% 30
\BOOKMARK [1][-]{section.5.2}{Appendix 2: Gantt Chart \046 Milestones}{chapter.5}% 31
\BOOKMARK [1][-]{section.5.3}{Appendix 3: Risk Assessment}{chapter.5}% 32
