\BOOKMARK [0][-]{chapter.1}{Engineering Research Problem}{}% 1
\BOOKMARK [1][-]{section.1.1}{Background }{chapter.1}% 2
\BOOKMARK [1][-]{section.1.2}{Applications}{chapter.1}% 3
\BOOKMARK [1][-]{section.1.3}{Project Contextualisation}{chapter.1}% 4
\BOOKMARK [1][-]{section.1.4}{Research Question}{chapter.1}% 5
\BOOKMARK [0][-]{chapter.2}{Methodology}{}% 6
\BOOKMARK [1][-]{section.2.1}{Label Bias and Environmental Datashift}{chapter.2}% 7
\BOOKMARK [1][-]{section.2.2}{Suitable Algorithm Selection}{chapter.2}% 8
\BOOKMARK [1][-]{section.2.3}{Reward Hacking}{chapter.2}% 9
\BOOKMARK [0][-]{chapter.3}{Label Bias and Environmental Datashift}{}% 10
\BOOKMARK [0][-]{chapter.4}{Suitable Algorithm Selection}{}% 11
\BOOKMARK [1][-]{section.4.1}{Dataset}{chapter.4}% 12
\BOOKMARK [1][-]{section.4.2}{Algorithms}{chapter.4}% 13
\BOOKMARK [2][-]{subsection.4.2.1}{Support Vector Machines}{section.4.2}% 14
\BOOKMARK [2][-]{subsection.4.2.2}{k-Nearest Neighbours}{section.4.2}% 15
\BOOKMARK [2][-]{subsection.4.2.3}{Random Forest}{section.4.2}% 16
\BOOKMARK [2][-]{subsection.4.2.4}{Neural Networks}{section.4.2}% 17
\BOOKMARK [1][-]{section.4.3}{Results}{chapter.4}% 18
\BOOKMARK [1][-]{section.4.4}{Recommendations}{chapter.4}% 19
\BOOKMARK [0][-]{chapter.5}{Reward Hacking}{}% 20
\BOOKMARK [0][-]{chapter.6}{Conclusion}{}% 21
